<?xml version="1.0" encoding="UTF-8"?>
<!-- Generated by org.testng.reporters.JUnitReportReporter -->
<testsuite hostname="Sahana" failures="0" tests="2" name="com.example.AppTest" time="27.555" errors="0" timestamp="2024-04-22T14:43:14 IST" skipped="0">
  <testcase classname="com.example.AppTest" name="register" time="14.295"/>
  <testcase classname="com.example.AppTest" name="login" time="13.260"/>
</testsuite> <!-- com.example.AppTest -->
